[2021/03/25 18:27:22.446] - eth_unsubscribe
[2021/03/25 18:27:22.448] -    > {
   >   "jsonrpc": "2.0",
   >   "id": 21,
   >   "method": "eth_unsubscribe",
   >   "params": [
   >     "0x3"
   >   ]
   > }
[2021/03/25 18:27:22.449] - eth_unsubscribe
[2021/03/25 18:27:22.450] -    > {
   >   "jsonrpc": "2.0",
   >   "id": 22,
   >   "method": "eth_unsubscribe",
   >   "params": [
   >     "0x4"
   >   ]
   > }
[2021/03/25 18:27:22.451] -  <   {
 <     "id": 21,
 <     "jsonrpc": "2.0",
 <     "result": true
 <   }
[2021/03/25 18:27:22.458] -  <   {
 <     "id": 22,
 <     "jsonrpc": "2.0",
 <     "result": true
 <   }
[2021/03/25 18:27:22.460] -    > {
   >   "jsonrpc": "2.0",
   >   "method": "eth_unsubscribe",
   >   "params": [
   >     "0x5"
   >   ],
   >   "id": 1616668042460
   > }
[2021/03/25 18:27:22.463] -    > {
   >   "jsonrpc": "2.0",
   >   "method": "eth_unsubscribe",
   >   "params": [
   >     "0x6"
   >   ],
   >   "id": 1616668042463
   > }
[2021/03/25 18:27:22.464] -    > {
   >   "jsonrpc": "2.0",
   >   "method": "eth_unsubscribe",
   >   "params": [
   >     "0x1"
   >   ],
   >   "id": 1616668042463
   > }
[2021/03/25 18:27:22.464] -    > {
   >   "jsonrpc": "2.0",
   >   "method": "eth_unsubscribe",
   >   "params": [
   >     "0x2"
   >   ],
   >   "id": 1616668042464
   > }
[2021/03/25 18:27:22.481] -  <   {
 <     "id": 1616668042460,
 <     "jsonrpc": "2.0",
 <     "result": true
 <   }
[2021/03/25 18:27:22.498] -  <   {
 <     "id": 1616668042463,
 <     "jsonrpc": "2.0",
 <     "result": true
 <   }
[2021/03/25 18:27:22.514] -  <   {
 <     "id": 1616668042463,
 <     "jsonrpc": "2.0",
 <     "result": true
 <   }
[2021/03/25 18:27:22.530] -  <   {
 <     "id": 1616668042464,
 <     "jsonrpc": "2.0",
 <     "result": true
 <   }
